============================= test session starts =============================
platform win32 -- Python 3.11.15, pytest-9.0.2, pluggy-1.6.0 -- C:\Users\chill\AppData\Local\hermes\hermes-agent\venv\Scripts\python.exe
cachedir: .pytest_cache
rootdir: C:\Users\chill\Syncthing\Projects\k8s-sims-e2e-spec
plugins: anyio-4.12.1, asyncio-1.3.0, timeout-2.4.0
asyncio: mode=Mode.STRICT, debug=False, asyncio_default_fixture_loop_scope=None, asyncio_default_test_loop_scope=function
collecting ... collected 34 items

tests/test_binpack.py::TestFirstFit::test_basic_placement PASSED         [  2%]
tests/test_binpack.py::TestFirstFit::test_fills_nodes_sequentially PASSED [  5%]
tests/test_binpack.py::TestAffinityConstraint::test_affinity_targets_half_nodes PASSED [  8%]
tests/test_binpack.py::TestAffinityConstraint::test_affinity_no_matching_nodes PASSED [ 11%]
tests/test_binpack.py::TestInsufficientResources::test_more_demand_than_capacity PASSED [ 14%]
tests/test_binpack.py::TestInsufficientResources::test_single_oversized_pod PASSED [ 17%]
tests/test_binpack.py::TestZeroCostPods::test_no_resource_requests_always_placed PASSED [ 20%]
tests/test_binpack.py::TestZeroCostPods::test_zero_cost_pod_on_full_node PASSED [ 23%]
tests/test_binpack.py::TestHeterogeneousNodes::test_mixed_capacities PASSED [ 26%]
tests/test_binpack.py::TestHeterogeneousNodes::test_node_remaining_tracks_correctly PASSED [ 29%]
tests/test_binpack.py::TestNodeSelectorPlusAffinity::test_both_must_match PASSED [ 32%]
tests/test_binpack.py::TestNodeSelectorPlusAffinity::test_selector_match_affinity_miss PASSED [ 35%]
tests/test_binpack.py::TestNodeSelectorPlusAffinity::test_affinity_match_selector_miss PASSED [ 38%]
tests/test_sktrace.py::TestTopLevelKeys::test_trace_has_required_keys PASSED [ 41%]
tests/test_sktrace.py::TestTopLevelKeys::test_trace_has_exactly_five_keys PASSED [ 44%]
tests/test_sktrace.py::TestVersion::test_version_is_2 PASSED             [ 47%]
tests/test_sktrace.py::TestVersion::test_version_is_int PASSED           [ 50%]
tests/test_sktrace.py::TestConfig::test_config_has_tracked_objects_camel_case PASSED [ 52%]
tests/test_sktrace.py::TestConfig::test_config_tracks_v1_pod PASSED      [ 55%]
tests/test_sktrace.py::TestConfig::test_tracked_objects_key_is_camel_case PASSED [ 58%]
tests/test_sktrace.py::TestEvent::test_event_has_ts PASSED               [ 61%]
tests/test_sktrace.py::TestEvent::test_event_has_applied_objs PASSED     [ 64%]
tests/test_sktrace.py::TestEvent::test_event_has_deleted_objs PASSED     [ 67%]
tests/test_sktrace.py::TestEvent::test_deleted_objs_is_empty_for_snapshot PASSED [ 70%]
tests/test_sktrace.py::TestEvent::test_ts_is_int PASSED                  [ 73%]
tests/test_sktrace.py::TestEvent::test_applied_objs_is_list PASSED       [ 76%]
tests/test_sktrace.py::TestPodLifecycles::test_pod_lifecycles_is_empty_dict PASSED [ 79%]
tests/test_sktrace.py::TestPodLifecycles::test_pod_lifecycles_is_dict PASSED [ 82%]
tests/test_sktrace.py::TestMsgpackRoundtrip::test_roundtrip_preserves_structure PASSED [ 85%]
tests/test_sktrace.py::TestMsgpackRoundtrip::test_roundtrip_file_write_read PASSED [ 88%]
tests/test_sktrace.py::TestIndex::test_index_has_gvk_key PASSED          [ 91%]
tests/test_sktrace.py::TestIndex::test_index_has_namespace_name_entries PASSED [ 94%]
tests/test_sktrace.py::TestIndex::test_index_values_are_int_hashes PASSED [ 97%]
tests/test_sktrace.py::TestIndex::test_index_covers_all_placed_pods PASSED [100%]

============================= 34 passed in 0.16s ==============================
